Folder PATH listing
Volume serial number is 2E24-0D23
C:\USERS\EWOJCIK\DOCUMENTS\RDR2\MODS
|   RDR2_Mod_Config_Files.rar
|   Synth's RDR2 Mod List.pdf
|   
+---step 1
|   +---1 - ScriptHookRDR2 V2
|   |       Mod Loader-1472-1-0-1679339711.zip
|   |       ScriptHookRDR2 V2-1472-2-0-1726764708.zip
|   |       
|   +---2 - Lenny's Mod Loader RDR
|   |       lml_rdr_beta_11.zip
|   |       
|   +---3 - DLSS-Enabler
|   |       DLSS Enabler 3.02.000.0 Installer-757-3-02-000-0-1728023455.exe
|   |       
|   +---4 - OptiScaller
|   |   |   OptiScaler.v0.7.0-pre36.7z
|   |   |   
|   |   \---OptiScaler.v0.7.0-pre36
|   |       |   amd_fidelityfx_dx12.dll
|   |       |   amd_fidelityfx_vk.dll
|   |       |   dlss-enabler-upscaler.dll
|   |       |   libxess.dll
|   |       |   nvngx.ini
|   |       |   
|   |       +---DlssOverrides
|   |       |       DisableSignatureOverride.reg
|   |       |       EnableSignatureOverride.reg
|   |       |       
|   |       \---Licenses
|   |               FidelityFX_LICENSE.md
|   |               FidelityFX_LICENSE.txt
|   |               XeSS_LICENSE.pdf
|   |               
|   +---5 - DLSS Swapper
|   +---6 - Rampage Trainer
|   |       Rampage-233-1-6-6-1718532829.zip
|   |       
|   \---7 - Legal and Main Menu Skip
|           Version 1.0.0-1469-1-0-0-1650923751.zip
|           
+---step 2
|   +---1 - Stutter Fix
|   |       10000-1502-2-1710243374.zip
|   |       
|   +---2 - Graphical issues fixes
|   |       Graphical issue fixes-3728-1-1-1718197361.zip
|   |       
|   +---3 - Increased Geometry Level of Detail
|   |       lodscale 1.0-1.25-3751-1-1-1718199142.zip
|   |       lodscale 1.25-1.5-3751-1-1-1718199122.zip
|   |       lodscale 1.75-2.0-3751-1-1-1718199165.zip
|   |       
|   \---4 - Best TAA and Visual Effects
|           Best TAA and Visual Effects-2188-1-8-0-1711961617.rar
|           
+---step 3
|   +---1 - Red Dead Redemption 2 Gun Belt Fix
|   |       Gun_Belt_Fix-1600-1-0-1659012133.zip
|   |       
|   +---10 - Colored Loading
|   |       Colored Loading-1881-1-0-1-1672419273.zip
|   |       
|   +---11 - AI Upscaled Videos
|   |       ChapterVideos-904-1-0-1629078739.zip
|   |       MenuVideos-904-1-0-1629079219.zip
|   |       SkyVideos-904-1-0-1629079549.zip
|   |       
|   +---12 - RDR2 PS4 Dynamic Theme Loading Screen Music
|   |       Main file-2696-1-00-1693764128.zip
|   |       
|   +---2 - Timer 'Message' Bug Fix
|   |       Timer 'Message' Bug Fix-1197-1-0-1639611779.rar
|   |       
|   +---3 - Corn Sack Fix
|   |       Maize Sack Fix-1425-1-0-1648626129.rar
|   |       
|   +---4 - Upscaled UI - HUD
|   |       Upscaled Hud-3945-2-0-1727651068.zip
|   |       
|   +---5 - Snappy UI (QoL)
|   |       Snappy.UI-971-1-0-1631751577.zip
|   |       
|   +---6 - Remove Online Options for In-Game Menus
|   |       Remove Online Options - Settings Menu-2150-3-0-1696730728.zip
|   |       
|   +---7 - Remove Online-Social Club from Landing Screen Menu
|   |       Remove Online-Social Club from Main Menu-2134-2-0-1696923709.zip
|   |       
|   \---9 - Online Button Remover
|           Online Button Remover - Hide Social Club Button-2057-1-0-0-1680038562.zip
|           
+---step 4
|   +---1 - Map Redesign (Plus Dark Version)
|   |       MapRedesignDark-1027-1-1-1633606960.zip
|   |       
|   +---2 - Immersive Minimap II
|   |       Immersive Minimap II-2295-1-0-1-1686928795.zip
|   |       
|   +---3 - Beautiful Dark minimap
|   |       Beautiful Dark Minimap-1691-1-0-1663790898.7z
|   |       
|   +---4 - New and improved minimal HUD TRANSPARENT
|   |       New and Improved Minimal HUD v6.0-1731-0-6-1705343010.rar
|   |       
|   \---5 - Online Content Unlocker
|           Online Content Unlocker-1688-3-0-1712795536.zip
|           
+---step 5
|   +---1 - 4k Improved Story and Side Characters
|   |       4k Characters-2174-v1-1-1682701841.rar
|   |       
|   +---10 - Rain
|   |       WhyEm's Rain-1725-1-0-0-2-1665288232.zip
|   |       
|   +---2 - FWOC - Fast Walking Outside Camp
|   |       FWOC - Fast Walking Outside Camp-1173-2-0-1639919325.zip
|   |       
|   +---3 - Remove Speed Limits
|   |       Remove Speed Limits 1.2-975-1-2-1699781255.zip
|   |       
|   +---4 - Instant Travel
|   |       InstantTravel-331-1-7-1609599784.zip
|   |       
|   +---5 - Walking Control Complete
|   |       Walking Control Complete-2355-v1-5-7-1713469462.zip
|   |       
|   +---6 - Red Dead Offline
|   |       red_dead_offline_133.zip
|   |       
|   +---7 - WhyEm's DLC
|   |       WhyEm's DLC Red Dead Offline Edition-671-1-0-2-0-1666776931.zip
|   |       
|   +---8 - Visual Redemption (VisualR)
|   |       Visual Redemption - 2.40.zip
|   |       
|   \---9 - Particles
|           WhyEm's Particles Standard Edition-1526-1-0-3-2-1683239786.zip
|           
+---step 6
|   +---1 - Higher Resolution Hair Textures
|   |       Higher Resolution Hair Textures-1840-1-0-1670953708.zip
|   |       
|   +---10 - Bounty Hunting Dialogues (Arthur)
|   |       Bounty Hunting DIalogues-4130-V3-1716083368.zip
|   |       
|   +---11 - Cut Dialogue Enhanced
|   |       Cut Dialogue Enhanced-3053-1-0-1700093028.zip
|   |       
|   +---2 - Low Priority Props Restore
|   |       Rage-LowPriorityPropsRestore-1892-v1-0c-1697956258.7z
|   |       
|   +---3 - QoL - Artie and Johnny
|   |       QoL - Artie and Johnny v1.02-5147-1-02-1730583048.zip
|   |       
|   +---4 - Extended Player Animations
|   |       Extended Player Animations-1420-2-5-1-base-1721588691.rar
|   |       Extended Weapon Animations-1420-2-5-1-weapons-1721588755.rar
|   |       
|   +---5 - Muscular Morgan
|   |       Beefy Muscular Morgan-2863-2-2-1699076561.zip
|   |       
|   +---6 - john and Arthur get tattoos
|   |       ARTHUR FirstPerson tattoo  for tats 1.0-1948-1-0-1685780903.zip
|   |       Arthur Morgan 4k viking tats-1948-2-0-1675563713.zip
|   |       
|   +---7 - Everyday T-Shirts
|   |       Everyday T-Shirt-3953-1-0-1713713889.rar
|   |       
|   +---8 - Open All Interiors
|   |       Open All Interiors 1.8-352-1-8-1678109048.zip
|   |       
|   \---9 - Bounty Hunting - Expanded and Enhanced
|           BountiesExpansion.rar-1073-1-4-4-1685774408.rar
|           
\---step 7
    +---1 - Dog Companion
    |       DogCompanion.rar-725-1-1-0-1661494986.rar
    |       
    +---10 - Ambient Gang - RDR Gang Addon
    |       Ambient Gang Main File-822-8-0-BOI-1676997470.rar
    |       Ambient Gangs compatibility patch-1065-1-0-1634657818.rar
    |       
    +---11 - Bandit Hideouts
    |       Bandit_Hideouts v1.31-2213-1-31-1730122471.zip
    |       
    +---12 - Ped Damage Overhaul
    |       Ped Damage Overhaul - With Optional Files (Compatible With Euphoria Mods)-184-2-0-BETA-7-1675749537.zip
    |       
    +---13 - A.E.M (Authentic Euphoria Motions)
    |       A.E.M-1675-V1-6-1722507953.zip
    |       
    +---14 - W.E.R.O (Western Euphoria Ragdoll Overhaul)
    |       W.E.R.O Main Version-646-V3-4-5-1718623113.zip
    |       WhyEm DLC Compatibility Patch-646-Latest-1713549204.rar
    |       
    +---15 - Auto Camera Cover Swap
    |       Auto Cover Swap-318-1-0-1604297931.zip
    |       
    +---16 - Custom First Person FOV
    |       Custom First Person FOV-1100-1-0-1-1637035343.7z
    |       
    +---17 - No Bounty When Masked
    |       NoBountyWithMask.rar-2248-1-0-1-1684911028.rar
    |       
    +---18 - Camp Anywhere
    |       CampAnywhere1.1.1-1117-1-1-1-1638918897.rar
    |       
    +---19 - LAW
    |       LAW-1546-1-0-1656635375.zip
    |       
    +---2 - Dogs for Dog Companion
    |       Chester the Chesapeake Bay Retriever-3250-1-0-1703384273.zip
    |       
    +---3 - Contracts Remastered
    |       ContractsRemastered.rar-1800-1-3-1-1676234654.rar
    |       
    +---4 - Ambient Money Stagecoaches
    |       AmbientMoneyWagons.rar-1863-1-1-0-1676313807.rar
    |       
    +---5 - Stagecoach Robberies
    |       RDR2-Stagecoaches.rar-869-1-0-2-1628440496.rar
    |       
    +---6 - Buyable Properties
    |       Buyable Properties-820-1-5-1671721946.rar
    |       
    +---7 - SgtJoe Bank Robberies
    |       SgtJoeBankRobbery-1079-2-1652127309.zip
    |       
    +---8 - Automatic Greet Replies 1.1
    |       Automatic Greet Replies 1.1-452-1-1-1616567699.zip
    |       
    \---9 - Stash That Lantern 2.8
            Stash That Lantern 2.8-333-2-8-1613119186.zip
            